Assembler report for ProjetoNios
Thu Nov 16 14:43:32 2017
Quartus Prime Version 16.1.0 Build 196 10/24/2016 SJ Lite Edition


---------------------
; Table of Contents ;
---------------------
  1. Legal Notice
  2. Assembler Summary
  3. Assembler Settings
  4. Assembler Encrypted IP Cores Summary
  5. Assembler Generated Files
  6. Assembler Device Options: C:/intelFPGA_lite/16.1/ProjetoNios/output_files/ProjetoNios_time_limited.sof
  7. Assembler Messages



----------------
; Legal Notice ;
----------------
Copyright (C) 2016  Intel Corporation. All rights reserved.
Your use of Intel Corporation's design tools, logic functions 
and other software and tools, and its AMPP partner logic 
functions, and any output files from any of the foregoing 
(including device programming or simulation files), and any 
associated documentation or information are expressly subject 
to the terms and conditions of the Intel Program License 
Subscription Agreement, the Intel Quartus Prime License Agreement,
the Intel MegaCore Function License Agreement, or other 
applicable license agreement, including, without limitation, 
that your use is for the sole purpose of programming logic 
devices manufactured by Intel and sold by Intel or its 
authorized distributors.  Please refer to the applicable 
agreement for further details.



+---------------------------------------------------------------+
; Assembler Summary                                             ;
+-----------------------+---------------------------------------+
; Assembler Status      ; Successful - Thu Nov 16 14:43:32 2017 ;
; Revision Name         ; ProjetoNios                           ;
; Top-level Entity Name ; ProjetoNios                           ;
; Family                ; Cyclone IV E                          ;
; Device                ; EP4CE30F23C7                          ;
+-----------------------+---------------------------------------+


+---------------------------------------------------------------------------------------------------------------+
; Assembler Settings                                                                                            ;
+-----------------------------------------------------------------------------+----------------+----------------+
; Option                                                                      ; Setting        ; Default Value  ;
+-----------------------------------------------------------------------------+----------------+----------------+
; Use smart compilation                                                       ; Off            ; Off            ;
; Enable parallel Assembler and TimeQuest Timing Analyzer during compilation  ; On             ; On             ;
; Enable compact report table                                                 ; Off            ; Off            ;
; Generate compressed bitstreams                                              ; On             ; On             ;
; Compression mode                                                            ; Off            ; Off            ;
; Clock source for configuration device                                       ; Internal       ; Internal       ;
; Clock frequency of the configuration device                                 ; 10 MHZ         ; 10 MHz         ;
; Divide clock frequency by                                                   ; 1              ; 1              ;
; Auto user code                                                              ; On             ; On             ;
; Use configuration device                                                    ; Off            ; Off            ;
; Configuration device                                                        ; Auto           ; Auto           ;
; Voltage output format                                                       ; Auto discovery ; Auto discovery ;
; Configuration device auto user code                                         ; Off            ; Off            ;
; Generate Tabular Text File (.ttf) For Target Device                         ; Off            ; Off            ;
; Generate Raw Binary File (.rbf) For Target Device                           ; Off            ; Off            ;
; Generate Hexadecimal (Intel-Format) Output File (.hexout) for Target Device ; Off            ; Off            ;
; Hexadecimal Output File start address                                       ; 0              ; 0              ;
; Hexadecimal Output File count direction                                     ; Up             ; Up             ;
; Release clears before tri-states                                            ; Off            ; Off            ;
; Auto-restart configuration after error                                      ; On             ; On             ;
; Enable OCT_DONE                                                             ; Off            ; Off            ;
; Generate Serial Vector Format File (.svf) for Target Device                 ; Off            ; Off            ;
; Generate a JEDEC STAPL Format File (.jam) for Target Device                 ; Off            ; Off            ;
; Generate a compressed Jam STAPL Byte Code 2.0 File (.jbc) for Target Device ; Off            ; Off            ;
; Generate a compressed Jam STAPL Byte Code 2.0 File (.jbc) for Target Device ; On             ; On             ;
+-----------------------------------------------------------------------------+----------------+----------------+


+--------------------------------------------------------+
; Assembler Encrypted IP Cores Summary                   ;
+--------+-------------------------------+---------------+
; Vendor ; IP Core Name                  ; License Type  ;
+--------+-------------------------------+---------------+
; Altera ; Nios II Processor (6AF7 00A2) ; OpenCore Plus ;
; Altera ; Signal Tap (6AF7 BCE1)        ; Licensed      ;
; Altera ; Signal Tap (6AF7 BCEC)        ; Licensed      ;
+--------+-------------------------------+---------------+


+------------------------------------------------------------------------------+
; Assembler Generated Files                                                    ;
+------------------------------------------------------------------------------+
; File Name                                                                    ;
+------------------------------------------------------------------------------+
; C:/intelFPGA_lite/16.1/ProjetoNios/output_files/ProjetoNios_time_limited.sof ;
+------------------------------------------------------------------------------+


+--------------------------------------------------------------------------------------------------------+
; Assembler Device Options: C:/intelFPGA_lite/16.1/ProjetoNios/output_files/ProjetoNios_time_limited.sof ;
+----------------+---------------------------------------------------------------------------------------+
; Option         ; Setting                                                                               ;
+----------------+---------------------------------------------------------------------------------------+
; Device         ; EP4CE30F23C7                                                                          ;
; JTAG usercode  ; 0x0040E208                                                                            ;
; Checksum       ; 0x0040E208                                                                            ;
+----------------+---------------------------------------------------------------------------------------+


+--------------------+
; Assembler Messages ;
+--------------------+
Info: *******************************************************************
Info: Running Quartus Prime Assembler
    Info: Version 16.1.0 Build 196 10/24/2016 SJ Lite Edition
    Info: Processing started: Thu Nov 16 14:43:24 2017
Info: Command: quartus_asm --read_settings_files=on --write_settings_files=off ProjetoNios -c ProjetoNios
Warning (18236): Number of processors has not been specified which may cause overloading on shared machines.  Set the global assignment NUM_PARALLEL_PROCESSORS in your QSF to an appropriate value for best performance.
Info (115031): Writing out detailed assembly data for power analysis
Info (115030): Assembler is generating device programming files
Info (115017): Design contains a time-limited core -- only a single, time-limited programming file can be generated
Warning (210042): Can't convert time-limited SOF into POF, HEX File, TTF, or RBF
Info: Quartus Prime Assembler was successful. 0 errors, 2 warnings
    Info: Peak virtual memory: 566 megabytes
    Info: Processing ended: Thu Nov 16 14:43:32 2017
    Info: Elapsed time: 00:00:08
    Info: Total CPU time (on all processors): 00:00:08


